# JRE version: OpenJDK Runtime Environment (8.0_272-b10) (build 1.8.0_272-b10)
# Java VM: OpenJDK 64-Bit Server VM (25.272-b10 mixed mode bsd-amd64 compressed oops)
Heap:
 PSYoungGen      total 142848K, used 7328K [0x00000007e5d80000, 0x00000007f0600000, 0x00000007f0800000)
  eden space 112640K, 0% used [0x00000007e5d80000,0x00000007e5d80000,0x00000007ecb80000)
  from space 30208K, 24% used [0x00000007ecb80000,0x00000007ed2a8040,0x00000007ee900000)
  to   space 28672K, 0% used [0x00000007eea00000,0x00000007eea00000,0x00000007f0600000)
 ParOldGen       total 349696K, used 332031K [0x00000007d0800000, 0x00000007e5d80000, 0x00000007e5d80000)
  object space 349696K, 94% used [0x00000007d0800000,0x00000007e4c3fe78,0x00000007e5d80000)
 Metaspace       used 157995K, capacity 169403K, committed 170328K, reserved 1198080K
  class space    used 19703K, capacity 21717K, committed 21888K, reserved 1048576K
GC Heap History (10 events):
Event: 38833.143 GC heap after
Heap after GC invocations=426 (full 17):
 PSYoungGen      total 118784K, used 320K [0x00000007e5d80000, 0x00000007f0800000, 0x00000007f0800000)
  eden space 118272K, 0% used [0x00000007e5d80000,0x00000007e5d80000,0x00000007ed100000)
  from space 512K, 62% used [0x00000007ed100000,0x00000007ed150000,0x00000007ed180000)
  to   space 28672K, 0% used [0x00000007eec00000,0x00000007eec00000,0x00000007f0800000)
 ParOldGen       total 349696K, used 316704K [0x00000007d0800000, 0x00000007e5d80000, 0x00000007e5d80000)
  object space 349696K, 90% used [0x00000007d0800000,0x00000007e3d48258,0x00000007e5d80000)
 Metaspace       used 157777K, capacity 169193K, committed 170072K, reserved 1198080K
  class space    used 19665K, capacity 21686K, committed 21888K, reserved 1048576K
}
Event: 39761.486 GC heap before
{Heap before GC invocations=427 (full 17):
 PSYoungGen      total 118784K, used 118592K [0x00000007e5d80000, 0x00000007f0800000, 0x00000007f0800000)
  eden space 118272K, 100% used [0x00000007e5d80000,0x00000007ed100000,0x00000007ed100000)
  from space 512K, 62% used [0x00000007ed100000,0x00000007ed150000,0x00000007ed180000)
  to   space 28672K, 0% used [0x00000007eec00000,0x00000007eec00000,0x00000007f0800000)
 ParOldGen       total 349696K, used 316704K [0x00000007d0800000, 0x00000007e5d80000, 0x00000007e5d80000)
  object space 349696K, 90% used [0x00000007d0800000,0x00000007e3d48258,0x00000007e5d80000)
 Metaspace       used 157942K, capacity 169331K, committed 170328K, reserved 1198080K
  class space    used 19696K, capacity 21705K, committed 21888K, reserved 1048576K
Event: 39761.600 GC heap after
Heap after GC invocations=427 (full 17):
 PSYoungGen      total 142848K, used 20423K [0x00000007e5d80000, 0x00000007f0800000, 0x00000007f0800000)
  eden space 114176K, 0% used [0x00000007e5d80000,0x00000007e5d80000,0x00000007ecd00000)
  from space 28672K, 71% used [0x00000007eec00000,0x00000007efff1e60,0x00000007f0800000)
  to   space 30208K, 0% used [0x00000007ecd00000,0x00000007ecd00000,0x00000007eea80000)
 ParOldGen       total 349696K, used 316760K [0x00000007d0800000, 0x00000007e5d80000, 0x00000007e5d80000)
  object space 349696K, 90% used [0x00000007d0800000,0x00000007e3d56258,0x00000007e5d80000)
 Metaspace       used 157942K, capacity 169331K, committed 170328K, reserved 1198080K
  class space    used 19696K, capacity 21705K, committed 21888K, reserved 1048576K
}
Event: 39764.403 GC heap before
{Heap before GC invocations=428 (full 17):
 PSYoungGen      total 142848K, used 134599K [0x00000007e5d80000, 0x00000007f0800000, 0x00000007f0800000)
  eden space 114176K, 100% used [0x00000007e5d80000,0x00000007ecd00000,0x00000007ecd00000)
  from space 28672K, 71% used [0x00000007eec00000,0x00000007efff1e60,0x00000007f0800000)
  to   space 30208K, 0% used [0x00000007ecd00000,0x00000007ecd00000,0x00000007eea80000)
 ParOldGen       total 349696K, used 316760K [0x00000007d0800000, 0x00000007e5d80000, 0x00000007e5d80000)
  object space 349696K, 90% used [0x00000007d0800000,0x00000007e3d56258,0x00000007e5d80000)
 Metaspace       used 157950K, capacity 169331K, committed 170328K, reserved 1198080K
  class space    used 19696K, capacity 21705K, committed 21888K, reserved 1048576K
Event: 39764.414 GC heap after
Heap after GC invocations=428 (full 17):
 PSYoungGen      total 114688K, used 384K [0x00000007e5d80000, 0x00000007f0800000, 0x00000007f0800000)
  eden space 114176K, 0% used [0x00000007e5d80000,0x00000007e5d80000,0x00000007ecd00000)
  from space 512K, 75% used [0x00000007ecd00000,0x00000007ecd60000,0x00000007ecd80000)
  to   space 30720K, 0% used [0x00000007eea00000,0x00000007eea00000,0x00000007f0800000)
 ParOldGen       total 349696K, used 318794K [0x00000007d0800000, 0x00000007e5d80000, 0x00000007e5d80000)
  object space 349696K, 91% used [0x00000007d0800000,0x00000007e3f52988,0x00000007e5d80000)
 Metaspace       used 157950K, capacity 169331K, committed 170328K, reserved 1198080K
  class space    used 19696K, capacity 21705K, committed 21888K, reserved 1048576K
}
Event: 45361.802 GC heap before
{Heap before GC invocations=429 (full 17):
 PSYoungGen      total 114688K, used 114560K [0x00000007e5d80000, 0x00000007f0800000, 0x00000007f0800000)
  eden space 114176K, 100% used [0x00000007e5d80000,0x00000007ecd00000,0x00000007ecd00000)
  from space 512K, 75% used [0x00000007ecd00000,0x00000007ecd60000,0x00000007ecd80000)
  to   space 30720K, 0% used [0x00000007eea00000,0x00000007eea00000,0x00000007f0800000)
 ParOldGen       total 349696K, used 318794K [0x00000007d0800000, 0x00000007e5d80000, 0x00000007e5d80000)
  object space 349696K, 91% used [0x00000007d0800000,0x00000007e3f52988,0x00000007e5d80000)
 Metaspace       used 157994K, capacity 169403K, committed 170328K, reserved 1198080K
  class space    used 19703K, capacity 21717K, committed 21888K, reserved 1048576K
Event: 45362.173 GC heap after
Heap after GC invocations=429 (full 17):
 PSYoungGen      total 141824K, used 14516K [0x00000007e5d80000, 0x00000007f0680000, 0x00000007f0800000)
  eden space 112640K, 0% used [0x00000007e5d80000,0x00000007e5d80000,0x00000007ecb80000)
  from space 29184K, 49% used [0x00000007eea00000,0x00000007ef82d360,0x00000007f0680000)
  to   space 30208K, 0% used [0x00000007ecb80000,0x00000007ecb80000,0x00000007ee900000)
 ParOldGen       total 349696K, used 318990K [0x00000007d0800000, 0x00000007e5d80000, 0x00000007e5d80000)
  object space 349696K, 91% used [0x00000007d0800000,0x00000007e3f83998,0x00000007e5d80000)
 Metaspace       used 157994K, capacity 169403K, committed 170328K, reserved 1198080K
  class space    used 19703K, capacity 21717K, committed 21888K, reserved 1048576K
}
Event: 45362.884 GC heap before
{Heap before GC invocations=430 (full 17):
 PSYoungGen      total 141824K, used 127156K [0x00000007e5d80000, 0x00000007f0680000, 0x00000007f0800000)
  eden space 112640K, 100% used [0x00000007e5d80000,0x00000007ecb80000,0x00000007ecb80000)
  from space 29184K, 49% used [0x00000007eea00000,0x00000007ef82d360,0x00000007f0680000)
  to   space 30208K, 0% used [0x00000007ecb80000,0x00000007ecb80000,0x00000007ee900000)
 ParOldGen       total 349696K, used 318990K [0x00000007d0800000, 0x00000007e5d80000, 0x00000007e5d80000)
  object space 349696K, 91% used [0x00000007d0800000,0x00000007e3f83998,0x00000007e5d80000)
 Metaspace       used 157995K, capacity 169403K, committed 170328K, reserved 1198080K
  class space    used 19703K, capacity 21717K, committed 21888K, reserved 1048576K
Event: 45362.941 GC heap after
Heap after GC invocations=430 (full 17):
 PSYoungGen      total 142848K, used 7328K [0x00000007e5d80000, 0x00000007f0600000, 0x00000007f0800000)
  eden space 112640K, 0% used [0x00000007e5d80000,0x00000007e5d80000,0x00000007ecb80000)
  from space 30208K, 24% used [0x00000007ecb80000,0x00000007ed2a8040,0x00000007ee900000)
  to   space 28672K, 0% used [0x00000007eea00000,0x00000007eea00000,0x00000007f0600000)
 ParOldGen       total 349696K, used 332031K [0x00000007d0800000, 0x00000007e5d80000, 0x00000007e5d80000)
  object space 349696K, 94% used [0x00000007d0800000,0x00000007e4c3fe78,0x00000007e5d80000)
 Metaspace       used 157995K, capacity 169403K, committed 170328K, reserved 1198080K
  class space    used 19703K, capacity 21717K, committed 21888K, reserved 1048576K
}
Event: 45362.946 GC heap before
{Heap before GC invocations=431 (full 18):
 PSYoungGen      total 142848K, used 7328K [0x00000007e5d80000, 0x00000007f0600000, 0x00000007f0800000)
  eden space 112640K, 0% used [0x00000007e5d80000,0x00000007e5d80000,0x00000007ecb80000)
  from space 30208K, 24% used [0x00000007ecb80000,0x00000007ed2a8040,0x00000007ee900000)
  to   space 28672K, 0% used [0x00000007eea00000,0x00000007eea00000,0x00000007f0600000)
 ParOldGen       total 349696K, used 332031K [0x00000007d0800000, 0x00000007e5d80000, 0x00000007e5d80000)
  object space 349696K, 94% used [0x00000007d0800000,0x00000007e4c3fe78,0x00000007e5d80000)
 Metaspace       used 157995K, capacity 169403K, committed 170328K, reserved 1198080K
  class space    used 19703K, capacity 21717K, committed 21888K, reserved 1048576K

